<?xml version="1.0" encoding="UTF-8"?>
<coverage generated="1771195581452" clover="3.2.0">
  <project timestamp="1771195581452" name="All files">
    <metrics statements="56" coveredstatements="55" conditionals="21" coveredconditionals="15" methods="16" coveredmethods="16" elements="93" coveredelements="86" complexity="0" loc="56" ncloc="56" packages="1" files="1" classes="1"/>
    <file name="script.js" path="E:\Documents\Chas_academy\VT2026\Kurs_Frontend\Bildgalleriet\script.js">
      <metrics statements="56" coveredstatements="55" conditionals="21" coveredconditionals="15" methods="16" coveredmethods="16"/>
      <line num="1" count="1" type="stmt"/>
      <line num="5" count="7" type="stmt"/>
      <line num="6" count="7" type="stmt"/>
      <line num="7" count="7" type="cond" truecount="2" falsecount="0"/>
      <line num="8" count="1" type="stmt"/>
      <line num="10" count="6" type="stmt"/>
      <line num="11" count="6" type="stmt"/>
      <line num="13" count="1" type="stmt"/>
      <line num="20" count="8" type="cond" truecount="2" falsecount="0"/>
      <line num="21" count="2" type="stmt"/>
      <line num="23" count="12" type="stmt"/>
      <line num="28" count="8" type="cond" truecount="2" falsecount="0"/>
      <line num="29" count="3" type="stmt"/>
      <line num="31" count="5" type="stmt"/>
      <line num="32" count="5" type="stmt"/>
      <line num="33" count="8" type="stmt"/>
      <line num="39" count="9" type="stmt"/>
      <line num="40" count="9" type="stmt"/>
      <line num="41" count="9" type="stmt"/>
      <line num="42" count="11" type="stmt"/>
      <line num="43" count="11" type="stmt"/>
      <line num="44" count="11" type="stmt"/>
      <line num="45" count="11" type="stmt"/>
      <line num="46" count="11" type="stmt"/>
      <line num="47" count="11" type="stmt"/>
      <line num="53" count="3" type="stmt"/>
      <line num="54" count="3" type="stmt"/>
      <line num="55" count="3" type="stmt"/>
      <line num="56" count="3" type="stmt"/>
      <line num="57" count="3" type="stmt"/>
      <line num="58" count="3" type="stmt"/>
      <line num="59" count="3" type="stmt"/>
      <line num="63" count="10" type="cond" truecount="1" falsecount="2"/>
      <line num="64" count="10" type="cond" truecount="2" falsecount="0"/>
      <line num="66" count="9" type="stmt"/>
      <line num="67" count="1" type="stmt"/>
      <line num="70" count="9" type="stmt"/>
      <line num="71" count="18" type="stmt"/>
      <line num="72" count="2" type="stmt"/>
      <line num="73" count="2" type="stmt"/>
      <line num="74" count="2" type="stmt"/>
      <line num="75" count="2" type="stmt"/>
      <line num="76" count="2" type="stmt"/>
      <line num="77" count="4" type="stmt"/>
      <line num="78" count="2" type="stmt"/>
      <line num="82" count="9" type="stmt"/>
      <line num="83" count="3" type="stmt"/>
      <line num="84" count="3" type="stmt"/>
      <line num="85" count="3" type="cond" truecount="2" falsecount="0"/>
      <line num="86" count="3" type="stmt"/>
      <line num="87" count="3" type="stmt"/>
      <line num="88" count="3" type="stmt"/>
      <line num="91" count="9" type="cond" truecount="1" falsecount="1"/>
      <line num="95" count="1" type="cond" truecount="2" falsecount="3"/>
      <line num="96" count="0" type="stmt"/>
      <line num="99" count="1" type="stmt"/>
    </file>
  </project>
</coverage>
