{"E:\\Documents\\Chas_academy\\VT2026\\Kurs_Frontend\\Bildgalleriet\\script.js": {"path":"E:\\Documents\\Chas_academy\\VT2026\\Kurs_Frontend\\Bildgalleriet\\script.js","statementMap":{"0":{"start":{"line":1,"column":13},"end":{"line":1,"column":15}},"1":{"start":{"line":5,"column":2},"end":{"line":14,"column":3}},"2":{"start":{"line":6,"column":21},"end":{"line":6,"column":47}},"3":{"start":{"line":7,"column":4},"end":{"line":9,"column":5}},"4":{"start":{"line":8,"column":6},"end":{"line":8,"column":53}},"5":{"start":{"line":10,"column":4},"end":{"line":10,"column":35}},"6":{"start":{"line":11,"column":4},"end":{"line":11,"column":21}},"7":{"start":{"line":13,"column":4},"end":{"line":13,"column":50}},"8":{"start":{"line":20,"column":2},"end":{"line":22,"column":3}},"9":{"start":{"line":21,"column":4},"end":{"line":21,"column":21}},"10":{"start":{"line":23,"column":2},"end":{"line":23,"column":60}},"11":{"start":{"line":23,"column":33},"end":{"line":23,"column":58}},"12":{"start":{"line":28,"column":2},"end":{"line":30,"column":3}},"13":{"start":{"line":29,"column":4},"end":{"line":29,"column":21}},"14":{"start":{"line":31,"column":21},"end":{"line":31,"column":40}},"15":{"start":{"line":32,"column":2},"end":{"line":34,"column":4}},"16":{"start":{"line":33,"column":4},"end":{"line":33,"column":64}},"17":{"start":{"line":33,"column":25},"end":{"line":33,"column":63}},"18":{"start":{"line":39,"column":18},"end":{"line":39,"column":52}},"19":{"start":{"line":40,"column":2},"end":{"line":40,"column":25}},"20":{"start":{"line":41,"column":2},"end":{"line":48,"column":5}},"21":{"start":{"line":42,"column":25},"end":{"line":42,"column":54}},"22":{"start":{"line":43,"column":4},"end":{"line":43,"column":37}},"23":{"start":{"line":44,"column":4},"end":{"line":44,"column":31}},"24":{"start":{"line":45,"column":4},"end":{"line":45,"column":34}},"25":{"start":{"line":46,"column":4},"end":{"line":46,"column":69}},"26":{"start":{"line":46,"column":49},"end":{"line":46,"column":67}},"27":{"start":{"line":47,"column":4},"end":{"line":47,"column":38}},"28":{"start":{"line":53,"column":16},"end":{"line":53,"column":48}},"29":{"start":{"line":54,"column":18},"end":{"line":54,"column":55}},"30":{"start":{"line":55,"column":18},"end":{"line":55,"column":58}},"31":{"start":{"line":56,"column":2},"end":{"line":56,"column":25}},"32":{"start":{"line":57,"column":2},"end":{"line":57,"column":24}},"33":{"start":{"line":58,"column":2},"end":{"line":58,"column":32}},"34":{"start":{"line":59,"column":2},"end":{"line":59,"column":20}},"35":{"start":{"line":63,"column":53},"end":{"line":63,"column":66}},"36":{"start":{"line":64,"column":2},"end":{"line":64,"column":46}},"37":{"start":{"line":64,"column":39},"end":{"line":64,"column":46}},"38":{"start":{"line":66,"column":2},"end":{"line":68,"column":5}},"39":{"start":{"line":67,"column":4},"end":{"line":67,"column":45}},"40":{"start":{"line":70,"column":2},"end":{"line":80,"column":5}},"41":{"start":{"line":71,"column":4},"end":{"line":79,"column":7}},"42":{"start":{"line":72,"column":23},"end":{"line":72,"column":46}},"43":{"start":{"line":73,"column":26},"end":{"line":73,"column":71}},"44":{"start":{"line":74,"column":21},"end":{"line":74,"column":55}},"45":{"start":{"line":75,"column":6},"end":{"line":75,"column":53}},"46":{"start":{"line":76,"column":6},"end":{"line":76,"column":30}},"47":{"start":{"line":77,"column":6},"end":{"line":77,"column":93}},"48":{"start":{"line":77,"column":61},"end":{"line":77,"column":91}},"49":{"start":{"line":78,"column":6},"end":{"line":78,"column":37}},"50":{"start":{"line":82,"column":2},"end":{"line":89,"column":5}},"51":{"start":{"line":83,"column":18},"end":{"line":83,"column":32}},"52":{"start":{"line":84,"column":25},"end":{"line":84,"column":68}},"53":{"start":{"line":85,"column":21},"end":{"line":85,"column":73}},"54":{"start":{"line":86,"column":19},"end":{"line":86,"column":53}},"55":{"start":{"line":87,"column":4},"end":{"line":87,"column":45}},"56":{"start":{"line":88,"column":4},"end":{"line":88,"column":28}},"57":{"start":{"line":91,"column":2},"end":{"line":91,"column":33}},"58":{"start":{"line":91,"column":18},"end":{"line":91,"column":31}},"59":{"start":{"line":95,"column":0},"end":{"line":97,"column":1}},"60":{"start":{"line":96,"column":2},"end":{"line":96,"column":9}},"61":{"start":{"line":99,"column":0},"end":{"line":106,"column":2}}},"fnMap":{"0":{"name":"loadImages","decl":{"start":{"line":4,"column":15},"end":{"line":4,"column":25}},"loc":{"start":{"line":4,"column":52},"end":{"line":15,"column":1}},"line":4},"1":{"name":"filterByCategory","decl":{"start":{"line":19,"column":9},"end":{"line":19,"column":25}},"loc":{"start":{"line":19,"column":47},"end":{"line":24,"column":1}},"line":19},"2":{"name":"(anonymous_2)","decl":{"start":{"line":23,"column":26},"end":{"line":23,"column":27}},"loc":{"start":{"line":23,"column":33},"end":{"line":23,"column":58}},"line":23},"3":{"name":"searchByTags","decl":{"start":{"line":27,"column":9},"end":{"line":27,"column":21}},"loc":{"start":{"line":27,"column":40},"end":{"line":35,"column":1}},"line":27},"4":{"name":"(anonymous_4)","decl":{"start":{"line":32,"column":26},"end":{"line":32,"column":27}},"loc":{"start":{"line":33,"column":4},"end":{"line":33,"column":64}},"line":33},"5":{"name":"(anonymous_5)","decl":{"start":{"line":33,"column":18},"end":{"line":33,"column":19}},"loc":{"start":{"line":33,"column":25},"end":{"line":33,"column":63}},"line":33},"6":{"name":"renderGallery","decl":{"start":{"line":38,"column":9},"end":{"line":38,"column":22}},"loc":{"start":{"line":38,"column":31},"end":{"line":49,"column":1}},"line":38},"7":{"name":"(anonymous_7)","decl":{"start":{"line":41,"column":17},"end":{"line":41,"column":18}},"loc":{"start":{"line":41,"column":24},"end":{"line":48,"column":3}},"line":41},"8":{"name":"(anonymous_8)","decl":{"start":{"line":46,"column":43},"end":{"line":46,"column":44}},"loc":{"start":{"line":46,"column":49},"end":{"line":46,"column":67}},"line":46},"9":{"name":"showFullImage","decl":{"start":{"line":52,"column":9},"end":{"line":52,"column":22}},"loc":{"start":{"line":52,"column":28},"end":{"line":60,"column":1}},"line":52},"10":{"name":"init","decl":{"start":{"line":63,"column":9},"end":{"line":63,"column":13}},"loc":{"start":{"line":63,"column":23},"end":{"line":92,"column":1}},"line":63},"11":{"name":"(anonymous_11)","decl":{"start":{"line":66,"column":67},"end":{"line":66,"column":68}},"loc":{"start":{"line":66,"column":73},"end":{"line":68,"column":3}},"line":66},"12":{"name":"(anonymous_12)","decl":{"start":{"line":70,"column":50},"end":{"line":70,"column":51}},"loc":{"start":{"line":70,"column":60},"end":{"line":80,"column":3}},"line":70},"13":{"name":"(anonymous_13)","decl":{"start":{"line":71,"column":37},"end":{"line":71,"column":38}},"loc":{"start":{"line":71,"column":43},"end":{"line":79,"column":5}},"line":71},"14":{"name":"(anonymous_14)","decl":{"start":{"line":77,"column":54},"end":{"line":77,"column":55}},"loc":{"start":{"line":77,"column":61},"end":{"line":77,"column":91}},"line":77},"15":{"name":"(anonymous_15)","decl":{"start":{"line":82,"column":68},"end":{"line":82,"column":69}},"loc":{"start":{"line":82,"column":75},"end":{"line":89,"column":3}},"line":82}},"branchMap":{"0":{"loc":{"start":{"line":4,"column":26},"end":{"line":4,"column":50}},"type":"default-arg","locations":[{"start":{"line":4,"column":37},"end":{"line":4,"column":50}}],"line":4},"1":{"loc":{"start":{"line":7,"column":4},"end":{"line":9,"column":5}},"type":"if","locations":[{"start":{"line":7,"column":4},"end":{"line":9,"column":5}},{"start":{},"end":{}}],"line":7},"2":{"loc":{"start":{"line":20,"column":2},"end":{"line":22,"column":3}},"type":"if","locations":[{"start":{"line":20,"column":2},"end":{"line":22,"column":3}},{"start":{},"end":{}}],"line":20},"3":{"loc":{"start":{"line":28,"column":2},"end":{"line":30,"column":3}},"type":"if","locations":[{"start":{"line":28,"column":2},"end":{"line":30,"column":3}},{"start":{},"end":{}}],"line":28},"4":{"loc":{"start":{"line":63,"column":33},"end":{"line":63,"column":48}},"type":"default-arg","locations":[{"start":{"line":63,"column":44},"end":{"line":63,"column":48}}],"line":63},"5":{"loc":{"start":{"line":63,"column":53},"end":{"line":63,"column":66}},"type":"binary-expr","locations":[{"start":{"line":63,"column":53},"end":{"line":63,"column":60}},{"start":{"line":63,"column":64},"end":{"line":63,"column":66}}],"line":63},"6":{"loc":{"start":{"line":64,"column":2},"end":{"line":64,"column":46}},"type":"if","locations":[{"start":{"line":64,"column":2},"end":{"line":64,"column":46}},{"start":{},"end":{}}],"line":64},"7":{"loc":{"start":{"line":85,"column":21},"end":{"line":85,"column":73}},"type":"cond-expr","locations":[{"start":{"line":85,"column":36},"end":{"line":85,"column":65}},{"start":{"line":85,"column":68},"end":{"line":85,"column":73}}],"line":85},"8":{"loc":{"start":{"line":91,"column":2},"end":{"line":91,"column":33}},"type":"if","locations":[{"start":{"line":91,"column":2},"end":{"line":91,"column":33}},{"start":{},"end":{}}],"line":91},"9":{"loc":{"start":{"line":95,"column":0},"end":{"line":97,"column":1}},"type":"if","locations":[{"start":{"line":95,"column":0},"end":{"line":97,"column":1}},{"start":{},"end":{}}],"line":95},"10":{"loc":{"start":{"line":95,"column":4},"end":{"line":95,"column":100}},"type":"binary-expr","locations":[{"start":{"line":95,"column":4},"end":{"line":95,"column":33}},{"start":{"line":95,"column":38},"end":{"line":95,"column":68}},{"start":{"line":95,"column":72},"end":{"line":95,"column":99}}],"line":95}},"s":{"0":1,"1":7,"2":7,"3":7,"4":1,"5":6,"6":6,"7":1,"8":8,"9":2,"10":6,"11":12,"12":8,"13":3,"14":5,"15":5,"16":8,"17":8,"18":9,"19":9,"20":9,"21":11,"22":11,"23":11,"24":11,"25":11,"26":2,"27":11,"28":3,"29":3,"30":3,"31":3,"32":3,"33":3,"34":3,"35":10,"36":10,"37":1,"38":9,"39":1,"40":9,"41":18,"42":2,"43":2,"44":2,"45":2,"46":2,"47":2,"48":4,"49":2,"50":9,"51":3,"52":3,"53":3,"54":3,"55":3,"56":3,"57":9,"58":0,"59":1,"60":0,"61":1},"f":{"0":7,"1":8,"2":12,"3":8,"4":8,"5":8,"6":9,"7":11,"8":2,"9":3,"10":10,"11":1,"12":18,"13":2,"14":4,"15":3},"b":{"0":[1],"1":[1,6],"2":[2,6],"3":[3,5],"4":[0],"5":[10,0],"6":[1,9],"7":[2,1],"8":[0,9],"9":[0,1],"10":[1,0,0]},"_coverageSchema":"1a1c01bbd47fc00a2c39e90264f33305004495a9","hash":"3a078bdc5a8de82a99f7c841d144d92e9be5ca28"}
}
