TN:
SF:script.js
FN:4,loadImages
FN:19,filterByCategory
FN:23,(anonymous_2)
FN:27,searchByTags
FN:32,(anonymous_4)
FN:33,(anonymous_5)
FN:38,renderGallery
FN:41,(anonymous_7)
FN:46,(anonymous_8)
FN:52,showFullImage
FN:63,init
FN:66,(anonymous_11)
FN:70,(anonymous_12)
FN:71,(anonymous_13)
FN:77,(anonymous_14)
FN:82,(anonymous_15)
FNF:16
FNH:16
FNDA:7,loadImages
FNDA:8,filterByCategory
FNDA:12,(anonymous_2)
FNDA:8,searchByTags
FNDA:8,(anonymous_4)
FNDA:8,(anonymous_5)
FNDA:9,renderGallery
FNDA:11,(anonymous_7)
FNDA:2,(anonymous_8)
FNDA:3,showFullImage
FNDA:10,init
FNDA:1,(anonymous_11)
FNDA:18,(anonymous_12)
FNDA:2,(anonymous_13)
FNDA:4,(anonymous_14)
FNDA:3,(anonymous_15)
DA:1,1
DA:5,7
DA:6,7
DA:7,7
DA:8,1
DA:10,6
DA:11,6
DA:13,1
DA:20,8
DA:21,2
DA:23,12
DA:28,8
DA:29,3
DA:31,5
DA:32,5
DA:33,8
DA:39,9
DA:40,9
DA:41,9
DA:42,11
DA:43,11
DA:44,11
DA:45,11
DA:46,11
DA:47,11
DA:53,3
DA:54,3
DA:55,3
DA:56,3
DA:57,3
DA:58,3
DA:59,3
DA:63,10
DA:64,10
DA:66,9
DA:67,1
DA:70,9
DA:71,18
DA:72,2
DA:73,2
DA:74,2
DA:75,2
DA:76,2
DA:77,4
DA:78,2
DA:82,9
DA:83,3
DA:84,3
DA:85,3
DA:86,3
DA:87,3
DA:88,3
DA:91,9
DA:95,1
DA:96,0
DA:99,1
LF:56
LH:55
BRDA:4,0,0,1
BRDA:7,1,0,1
BRDA:7,1,1,6
BRDA:20,2,0,2
BRDA:20,2,1,6
BRDA:28,3,0,3
BRDA:28,3,1,5
BRDA:63,4,0,0
BRDA:63,5,0,10
BRDA:63,5,1,0
BRDA:64,6,0,1
BRDA:64,6,1,9
BRDA:85,7,0,2
BRDA:85,7,1,1
BRDA:91,8,0,0
BRDA:91,8,1,9
BRDA:95,9,0,0
BRDA:95,9,1,1
BRDA:95,10,0,1
BRDA:95,10,1,0
BRDA:95,10,2,0
BRF:21
BRH:15
end_of_record
